warning: Git tree '/home/n/.dotfiles' is dirty
building the system configuration...
warning: Git tree '/home/n/.dotfiles' is dirty
warning: not writing modified lock file of flake 'path:/home/n/.dotfiles/nixos/modules/mojo-vim':
• Added input 'nixpkgs':
    'path:/nix/store/6x9871n5b2whrrf51gfciszvink2avm0-source?lastModified=0&narHash=sha256-0XH9MJk54imJm%2BRHOLTUJ7e%2BponLW00tw5ke4MTVa1Y%3D' (1970-01-01)
warning: not writing modified lock file of flake 'path:/home/n/.dotfiles/nixos/modules/obsidian-nvim':
• Added input 'nixpkgs':
    'path:/nix/store/6x9871n5b2whrrf51gfciszvink2avm0-source?lastModified=0&narHash=sha256-0XH9MJk54imJm%2BRHOLTUJ7e%2BponLW00tw5ke4MTVa1Y%3D' (1970-01-01)
warning: not writing modified lock file of flake 'path:/home/n/.dotfiles/nixos/modules/otter-nvim':
• Added input 'nixpkgs':
    'path:/nix/store/6x9871n5b2whrrf51gfciszvink2avm0-source?lastModified=0&narHash=sha256-0XH9MJk54imJm%2BRHOLTUJ7e%2BponLW00tw5ke4MTVa1Y%3D' (1970-01-01)
trace: warning: n profile: The option `options' defined in `/nix/store/6x9871n5b2whrrf51gfciszvink2avm0-source/flake.nix' has been renamed to `opts'.
these 6 derivations will be built:
  /nix/store/hziaq2nw20iqaavjnmdmhkdvbirhm72c-home-manager-files.drv
  /nix/store/hs1gin28iql33kf7318cbg4fpg3fyig8-home-manager-generation.drv
  /nix/store/5a87gkfva8s3isrrqgana6zz5mkm9fqk-unit-home-manager-n.service.drv
  /nix/store/kixkpwd6nambs4ac2x3f281f4fhswzq7-system-units.drv
  /nix/store/n2da3212pzbijj943x5pb07na148qxfr-etc.drv
  /nix/store/234xj2v4hdj3lq1ihg7gaiwmfdzn39k2-nixos-system-xps-24.05.20240827.36bae45.drv
building '/nix/store/hziaq2nw20iqaavjnmdmhkdvbirhm72c-home-manager-files.drv'...
building '/nix/store/hs1gin28iql33kf7318cbg4fpg3fyig8-home-manager-generation.drv'...
building '/nix/store/5a87gkfva8s3isrrqgana6zz5mkm9fqk-unit-home-manager-n.service.drv'...
building '/nix/store/kixkpwd6nambs4ac2x3f281f4fhswzq7-system-units.drv'...
building '/nix/store/n2da3212pzbijj943x5pb07na148qxfr-etc.drv'...
building '/nix/store/234xj2v4hdj3lq1ihg7gaiwmfdzn39k2-nixos-system-xps-24.05.20240827.36bae45.drv'...
activating the configuration...
setting up /etc...
reloading user units for n...
restarting sysinit-reactivation.target
restarting the following units: home-manager-n.service
